=== 威海标签贴膜同步v2 开始 Sun May  3 14:20:05 CST 2026 ===
[1/37] 2.png
  完成: 2.png
[2/37] b8389b504fc2d56209c309e6e91190ef77c66cf6.png
  完成: b8389b504fc2d56209c309e6e91190ef77c66cf6.png
[3/37] 1-2.png
  完成: 1-2.png
[4/37] 贴膜v4-转曲.ai
  完成: 贴膜v4-转曲.ai
[5/37] 1.psd
  完成: 1.psd
[6/37] 贴膜v5-转曲-灰底.ai
  完成: 贴膜v5-转曲-灰底.ai
[7/37] 1-1.png
  完成: 1-1.png
[8/37] 贴膜v5-转曲-02.png
  完成: 贴膜v5-转曲-02.png
[9/37] 2021_logo1.png
  完成: 2021_logo1.png
[10/37] WechatIMG3513.jpeg
  完成: WechatIMG3513.jpeg
[11/37] 贴膜v3-转曲.pdf
  完成: 贴膜v3-转曲.pdf
[12/37] 渲染图带logo.png
  完成: 渲染图带logo.png
[13/37] 2-2.png
  完成: 2-2.png
[14/37] 贴膜v5-转曲.ai
  完成: 贴膜v5-转曲.ai
[15/37] 渲染图带logo的副本.png
  完成: 渲染图带logo的副本.png
[16/37] 模型~.skp
  完成: 模型~.skp
[17/37] 贴膜v5-转曲_画板 1.png
  完成: 贴膜v5-转曲_画板 1.png
[18/37] 贴膜v6-按钮无边框_画板 1.png
  完成: 贴膜v6-按钮无边框_画板 1.png
[19/37] 贴膜2.dxf
  完成: 贴膜2.dxf
[20/37] asm0004.stl
  完成: asm0004.stl
[21/37] 贴膜上-基础.ai
  完成: 贴膜上-基础.ai
[22/37] 下载.png
  完成: 下载.png
[23/37] 贴膜-cmyk.ai
  完成: 贴膜-cmyk.ai
[24/37] 贴膜2.eps
  完成: 贴膜2.eps
[25/37] 核电图片.ai
  完成: 核电图片.ai
[26/37] 贴膜v6-按钮带边框.ai
  完成: 贴膜v6-按钮带边框.ai
[27/37] WechatIMG3514 1.jpeg
  完成: WechatIMG3514 1.jpeg
[28/37] 贴膜-转曲v2.pdf
  完成: 贴膜-转曲v2.pdf
[29/37] 上盖贴膜修改.eps
  完成: 上盖贴膜修改.eps
[30/37] 上盖贴膜1031.dxf
  完成: 上盖贴膜1031.dxf
[31/37] 贴膜v6-按钮无边框.ai
  完成: 贴膜v6-按钮无边框.ai
[32/37] spic2021_Screen.png
  完成: spic2021_Screen.png
[33/37] 贴膜v3.ai
  完成: 贴膜v3.ai
[34/37] 上盖贴膜1031.eps
  完成: 上盖贴膜1031.eps
[35/37] 36021666942396_.pic_hd_副本.png
  完成: 36021666942396_.pic_hd_副本.png
[36/37] 贴膜上.ai
  完成: 贴膜上.ai
[37/37] 贴膜-转曲v2.ai
  完成: 贴膜-转曲v2.ai
=== v2完成 Sun May  3 14:27:16 CST 2026 本批:37 成功:37 失败:0 ===
